{"D:\\Work\\UNI\\SLIIT\\Year 03\\Sem 1\\SE3070 - CSSE\\Phase 2\\Project\\V2\\ProcurePro\\backend\\controllers\\deliveryAdviceNoteController.js": {"path":"D:\\Work\\UNI\\SLIIT\\Year 03\\Sem 1\\SE3070 - CSSE\\Phase 2\\Project\\V2\\ProcurePro\\backend\\controllers\\deliveryAdviceNoteController.js","statementMap":{"0":{"start":{"line":1,"column":27},"end":{"line":1,"column":71}},"1":{"start":{"line":4,"column":0},"end":{"line":11,"column":2}},"2":{"start":{"line":5,"column":1},"end":{"line":10,"column":2}},"3":{"start":{"line":6,"column":29},"end":{"line":6,"column":70}},"4":{"start":{"line":7,"column":2},"end":{"line":7,"column":43}},"5":{"start":{"line":9,"column":2},"end":{"line":9,"column":49}},"6":{"start":{"line":14,"column":0},"end":{"line":21,"column":2}},"7":{"start":{"line":15,"column":1},"end":{"line":20,"column":2}},"8":{"start":{"line":16,"column":30},"end":{"line":16,"column":61}},"9":{"start":{"line":17,"column":2},"end":{"line":17,"column":44}},"10":{"start":{"line":19,"column":2},"end":{"line":19,"column":49}},"11":{"start":{"line":24,"column":0},"end":{"line":37,"column":2}},"12":{"start":{"line":25,"column":1},"end":{"line":36,"column":2}},"13":{"start":{"line":26,"column":29},"end":{"line":28,"column":3}},"14":{"start":{"line":29,"column":2},"end":{"line":33,"column":3}},"15":{"start":{"line":30,"column":3},"end":{"line":30,"column":69}},"16":{"start":{"line":32,"column":3},"end":{"line":32,"column":44}},"17":{"start":{"line":35,"column":2},"end":{"line":35,"column":49}},"18":{"start":{"line":40,"column":0},"end":{"line":55,"column":2}},"19":{"start":{"line":41,"column":1},"end":{"line":54,"column":2}},"20":{"start":{"line":42,"column":29},"end":{"line":46,"column":3}},"21":{"start":{"line":47,"column":2},"end":{"line":51,"column":3}},"22":{"start":{"line":48,"column":3},"end":{"line":48,"column":69}},"23":{"start":{"line":50,"column":3},"end":{"line":50,"column":44}},"24":{"start":{"line":53,"column":2},"end":{"line":53,"column":49}},"25":{"start":{"line":58,"column":0},"end":{"line":71,"column":2}},"26":{"start":{"line":59,"column":1},"end":{"line":70,"column":2}},"27":{"start":{"line":60,"column":29},"end":{"line":62,"column":3}},"28":{"start":{"line":63,"column":2},"end":{"line":67,"column":3}},"29":{"start":{"line":64,"column":3},"end":{"line":64,"column":69}},"30":{"start":{"line":66,"column":3},"end":{"line":66,"column":26}},"31":{"start":{"line":69,"column":2},"end":{"line":69,"column":49}}},"fnMap":{"0":{"name":"(anonymous_0)","decl":{"start":{"line":4,"column":35},"end":{"line":4,"column":36}},"loc":{"start":{"line":4,"column":55},"end":{"line":11,"column":1}},"line":4},"1":{"name":"(anonymous_1)","decl":{"start":{"line":14,"column":33},"end":{"line":14,"column":34}},"loc":{"start":{"line":14,"column":53},"end":{"line":21,"column":1}},"line":14},"2":{"name":"(anonymous_2)","decl":{"start":{"line":24,"column":36},"end":{"line":24,"column":37}},"loc":{"start":{"line":24,"column":56},"end":{"line":37,"column":1}},"line":24},"3":{"name":"(anonymous_3)","decl":{"start":{"line":40,"column":35},"end":{"line":40,"column":36}},"loc":{"start":{"line":40,"column":55},"end":{"line":55,"column":1}},"line":40},"4":{"name":"(anonymous_4)","decl":{"start":{"line":58,"column":35},"end":{"line":58,"column":36}},"loc":{"start":{"line":58,"column":55},"end":{"line":71,"column":1}},"line":58}},"branchMap":{"0":{"loc":{"start":{"line":29,"column":2},"end":{"line":33,"column":3}},"type":"if","locations":[{"start":{"line":29,"column":2},"end":{"line":33,"column":3}},{"start":{"line":31,"column":9},"end":{"line":33,"column":3}}],"line":29},"1":{"loc":{"start":{"line":47,"column":2},"end":{"line":51,"column":3}},"type":"if","locations":[{"start":{"line":47,"column":2},"end":{"line":51,"column":3}},{"start":{"line":49,"column":9},"end":{"line":51,"column":3}}],"line":47},"2":{"loc":{"start":{"line":63,"column":2},"end":{"line":67,"column":3}},"type":"if","locations":[{"start":{"line":63,"column":2},"end":{"line":67,"column":3}},{"start":{"line":65,"column":9},"end":{"line":67,"column":3}}],"line":63}},"s":{"0":1,"1":1,"2":2,"3":2,"4":1,"5":1,"6":1,"7":0,"8":0,"9":0,"10":0,"11":1,"12":0,"13":0,"14":0,"15":0,"16":0,"17":0,"18":1,"19":0,"20":0,"21":0,"22":0,"23":0,"24":0,"25":1,"26":0,"27":0,"28":0,"29":0,"30":0,"31":0},"f":{"0":2,"1":0,"2":0,"3":0,"4":0},"b":{"0":[0,0],"1":[0,0],"2":[0,0]},"_coverageSchema":"1a1c01bbd47fc00a2c39e90264f33305004495a9","hash":"f747751c89a0d49a5c8ae1af42e0bcc9550e78e5"}
,"D:\\Work\\UNI\\SLIIT\\Year 03\\Sem 1\\SE3070 - CSSE\\Phase 2\\Project\\V2\\ProcurePro\\backend\\controllers\\driverController.js": {"path":"D:\\Work\\UNI\\SLIIT\\Year 03\\Sem 1\\SE3070 - CSSE\\Phase 2\\Project\\V2\\ProcurePro\\backend\\controllers\\driverController.js","statementMap":{"0":{"start":{"line":1,"column":15},"end":{"line":1,"column":47}},"1":{"start":{"line":4,"column":0},"end":{"line":11,"column":2}},"2":{"start":{"line":5,"column":1},"end":{"line":10,"column":2}},"3":{"start":{"line":6,"column":17},"end":{"line":6,"column":46}},"4":{"start":{"line":7,"column":2},"end":{"line":7,"column":31}},"5":{"start":{"line":9,"column":2},"end":{"line":9,"column":49}},"6":{"start":{"line":14,"column":0},"end":{"line":21,"column":2}},"7":{"start":{"line":15,"column":1},"end":{"line":20,"column":2}},"8":{"start":{"line":16,"column":18},"end":{"line":16,"column":37}},"9":{"start":{"line":17,"column":2},"end":{"line":17,"column":32}},"10":{"start":{"line":19,"column":2},"end":{"line":19,"column":49}},"11":{"start":{"line":24,"column":0},"end":{"line":35,"column":2}},"12":{"start":{"line":25,"column":1},"end":{"line":34,"column":2}},"13":{"start":{"line":26,"column":17},"end":{"line":26,"column":53}},"14":{"start":{"line":27,"column":2},"end":{"line":31,"column":3}},"15":{"start":{"line":28,"column":3},"end":{"line":28,"column":55}},"16":{"start":{"line":30,"column":3},"end":{"line":30,"column":32}},"17":{"start":{"line":33,"column":2},"end":{"line":33,"column":49}},"18":{"start":{"line":38,"column":0},"end":{"line":52,"column":2}},"19":{"start":{"line":39,"column":1},"end":{"line":51,"column":2}},"20":{"start":{"line":40,"column":17},"end":{"line":43,"column":4}},"21":{"start":{"line":44,"column":2},"end":{"line":48,"column":3}},"22":{"start":{"line":45,"column":3},"end":{"line":45,"column":55}},"23":{"start":{"line":47,"column":3},"end":{"line":47,"column":32}},"24":{"start":{"line":50,"column":2},"end":{"line":50,"column":49}},"25":{"start":{"line":55,"column":0},"end":{"line":66,"column":2}},"26":{"start":{"line":56,"column":1},"end":{"line":65,"column":2}},"27":{"start":{"line":57,"column":17},"end":{"line":57,"column":62}},"28":{"start":{"line":58,"column":2},"end":{"line":62,"column":3}},"29":{"start":{"line":59,"column":3},"end":{"line":59,"column":55}},"30":{"start":{"line":61,"column":3},"end":{"line":61,"column":26}},"31":{"start":{"line":64,"column":2},"end":{"line":64,"column":49}}},"fnMap":{"0":{"name":"(anonymous_0)","decl":{"start":{"line":4,"column":23},"end":{"line":4,"column":24}},"loc":{"start":{"line":4,"column":43},"end":{"line":11,"column":1}},"line":4},"1":{"name":"(anonymous_1)","decl":{"start":{"line":14,"column":21},"end":{"line":14,"column":22}},"loc":{"start":{"line":14,"column":41},"end":{"line":21,"column":1}},"line":14},"2":{"name":"(anonymous_2)","decl":{"start":{"line":24,"column":24},"end":{"line":24,"column":25}},"loc":{"start":{"line":24,"column":44},"end":{"line":35,"column":1}},"line":24},"3":{"name":"(anonymous_3)","decl":{"start":{"line":38,"column":23},"end":{"line":38,"column":24}},"loc":{"start":{"line":38,"column":43},"end":{"line":52,"column":1}},"line":38},"4":{"name":"(anonymous_4)","decl":{"start":{"line":55,"column":23},"end":{"line":55,"column":24}},"loc":{"start":{"line":55,"column":43},"end":{"line":66,"column":1}},"line":55}},"branchMap":{"0":{"loc":{"start":{"line":27,"column":2},"end":{"line":31,"column":3}},"type":"if","locations":[{"start":{"line":27,"column":2},"end":{"line":31,"column":3}},{"start":{"line":29,"column":9},"end":{"line":31,"column":3}}],"line":27},"1":{"loc":{"start":{"line":44,"column":2},"end":{"line":48,"column":3}},"type":"if","locations":[{"start":{"line":44,"column":2},"end":{"line":48,"column":3}},{"start":{"line":46,"column":9},"end":{"line":48,"column":3}}],"line":44},"2":{"loc":{"start":{"line":58,"column":2},"end":{"line":62,"column":3}},"type":"if","locations":[{"start":{"line":58,"column":2},"end":{"line":62,"column":3}},{"start":{"line":60,"column":9},"end":{"line":62,"column":3}}],"line":58}},"s":{"0":1,"1":1,"2":2,"3":2,"4":1,"5":1,"6":1,"7":0,"8":0,"9":0,"10":0,"11":1,"12":0,"13":0,"14":0,"15":0,"16":0,"17":0,"18":1,"19":0,"20":0,"21":0,"22":0,"23":0,"24":0,"25":1,"26":0,"27":0,"28":0,"29":0,"30":0,"31":0},"f":{"0":2,"1":0,"2":0,"3":0,"4":0},"b":{"0":[0,0],"1":[0,0],"2":[0,0]},"_coverageSchema":"1a1c01bbd47fc00a2c39e90264f33305004495a9","hash":"8add08083132d27ade2183178ce8d10d8bc746f4"}
,"D:\\Work\\UNI\\SLIIT\\Year 03\\Sem 1\\SE3070 - CSSE\\Phase 2\\Project\\V2\\ProcurePro\\backend\\controllers\\orderController.js": {"path":"D:\\Work\\UNI\\SLIIT\\Year 03\\Sem 1\\SE3070 - CSSE\\Phase 2\\Project\\V2\\ProcurePro\\backend\\controllers\\orderController.js","statementMap":{"0":{"start":{"line":1,"column":14},"end":{"line":1,"column":45}},"1":{"start":{"line":6,"column":0},"end":{"line":21,"column":2}},"2":{"start":{"line":7,"column":1},"end":{"line":20,"column":2}},"3":{"start":{"line":8,"column":48},"end":{"line":8,"column":56}},"4":{"start":{"line":10,"column":16},"end":{"line":14,"column":4}},"5":{"start":{"line":16,"column":19},"end":{"line":16,"column":37}},"6":{"start":{"line":17,"column":2},"end":{"line":17,"column":33}},"7":{"start":{"line":19,"column":2},"end":{"line":19,"column":62}},"8":{"start":{"line":26,"column":0},"end":{"line":33,"column":2}},"9":{"start":{"line":27,"column":1},"end":{"line":32,"column":2}},"10":{"start":{"line":28,"column":17},"end":{"line":28,"column":35}},"11":{"start":{"line":29,"column":2},"end":{"line":29,"column":31}},"12":{"start":{"line":31,"column":2},"end":{"line":31,"column":59}},"13":{"start":{"line":38,"column":0},"end":{"line":50,"column":2}},"14":{"start":{"line":39,"column":1},"end":{"line":49,"column":2}},"15":{"start":{"line":40,"column":16},"end":{"line":40,"column":51}},"16":{"start":{"line":42,"column":2},"end":{"line":46,"column":3}},"17":{"start":{"line":43,"column":3},"end":{"line":43,"column":31}},"18":{"start":{"line":45,"column":3},"end":{"line":45,"column":54}},"19":{"start":{"line":48,"column":2},"end":{"line":48,"column":62}},"20":{"start":{"line":55,"column":0},"end":{"line":74,"column":2}},"21":{"start":{"line":56,"column":1},"end":{"line":73,"column":2}},"22":{"start":{"line":57,"column":48},"end":{"line":57,"column":56}},"23":{"start":{"line":59,"column":16},"end":{"line":59,"column":51}},"24":{"start":{"line":61,"column":2},"end":{"line":70,"column":3}},"25":{"start":{"line":62,"column":3},"end":{"line":62,"column":37}},"26":{"start":{"line":63,"column":3},"end":{"line":63,"column":35}},"27":{"start":{"line":64,"column":3},"end":{"line":64,"column":25}},"28":{"start":{"line":66,"column":24},"end":{"line":66,"column":42}},"29":{"start":{"line":67,"column":3},"end":{"line":67,"column":38}},"30":{"start":{"line":69,"column":3},"end":{"line":69,"column":54}},"31":{"start":{"line":72,"column":2},"end":{"line":72,"column":62}},"32":{"start":{"line":79,"column":0},"end":{"line":92,"column":2}},"33":{"start":{"line":80,"column":1},"end":{"line":91,"column":2}},"34":{"start":{"line":81,"column":16},"end":{"line":81,"column":51}},"35":{"start":{"line":83,"column":2},"end":{"line":88,"column":3}},"36":{"start":{"line":84,"column":3},"end":{"line":84,"column":27}},"37":{"start":{"line":85,"column":3},"end":{"line":85,"column":54}},"38":{"start":{"line":87,"column":3},"end":{"line":87,"column":54}},"39":{"start":{"line":90,"column":2},"end":{"line":90,"column":62}}},"fnMap":{"0":{"name":"(anonymous_0)","decl":{"start":{"line":6,"column":22},"end":{"line":6,"column":23}},"loc":{"start":{"line":6,"column":42},"end":{"line":21,"column":1}},"line":6},"1":{"name":"(anonymous_1)","decl":{"start":{"line":26,"column":20},"end":{"line":26,"column":21}},"loc":{"start":{"line":26,"column":40},"end":{"line":33,"column":1}},"line":26},"2":{"name":"(anonymous_2)","decl":{"start":{"line":38,"column":23},"end":{"line":38,"column":24}},"loc":{"start":{"line":38,"column":43},"end":{"line":50,"column":1}},"line":38},"3":{"name":"(anonymous_3)","decl":{"start":{"line":55,"column":22},"end":{"line":55,"column":23}},"loc":{"start":{"line":55,"column":42},"end":{"line":74,"column":1}},"line":55},"4":{"name":"(anonymous_4)","decl":{"start":{"line":79,"column":22},"end":{"line":79,"column":23}},"loc":{"start":{"line":79,"column":42},"end":{"line":92,"column":1}},"line":79}},"branchMap":{"0":{"loc":{"start":{"line":42,"column":2},"end":{"line":46,"column":3}},"type":"if","locations":[{"start":{"line":42,"column":2},"end":{"line":46,"column":3}},{"start":{"line":44,"column":9},"end":{"line":46,"column":3}}],"line":42},"1":{"loc":{"start":{"line":61,"column":2},"end":{"line":70,"column":3}},"type":"if","locations":[{"start":{"line":61,"column":2},"end":{"line":70,"column":3}},{"start":{"line":68,"column":9},"end":{"line":70,"column":3}}],"line":61},"2":{"loc":{"start":{"line":83,"column":2},"end":{"line":88,"column":3}},"type":"if","locations":[{"start":{"line":83,"column":2},"end":{"line":88,"column":3}},{"start":{"line":86,"column":9},"end":{"line":88,"column":3}}],"line":83}},"s":{"0":1,"1":1,"2":2,"3":2,"4":2,"5":2,"6":1,"7":1,"8":1,"9":0,"10":0,"11":0,"12":0,"13":1,"14":0,"15":0,"16":0,"17":0,"18":0,"19":0,"20":1,"21":0,"22":0,"23":0,"24":0,"25":0,"26":0,"27":0,"28":0,"29":0,"30":0,"31":0,"32":1,"33":0,"34":0,"35":0,"36":0,"37":0,"38":0,"39":0},"f":{"0":2,"1":0,"2":0,"3":0,"4":0},"b":{"0":[0,0],"1":[0,0],"2":[0,0]},"_coverageSchema":"1a1c01bbd47fc00a2c39e90264f33305004495a9","hash":"c3ba956ac79fb6d0f11ed1ba15b007252812d699"}
,"D:\\Work\\UNI\\SLIIT\\Year 03\\Sem 1\\SE3070 - CSSE\\Phase 2\\Project\\V2\\ProcurePro\\backend\\models\\deliveryAdviceNoteModel.js": {"path":"D:\\Work\\UNI\\SLIIT\\Year 03\\Sem 1\\SE3070 - CSSE\\Phase 2\\Project\\V2\\ProcurePro\\backend\\models\\deliveryAdviceNoteModel.js","statementMap":{"0":{"start":{"line":1,"column":17},"end":{"line":1,"column":36}},"1":{"start":{"line":3,"column":33},"end":{"line":20,"column":2}},"2":{"start":{"line":22,"column":0},"end":{"line":22,"column":80}}},"fnMap":{},"branchMap":{},"s":{"0":1,"1":1,"2":1},"f":{},"b":{},"_coverageSchema":"1a1c01bbd47fc00a2c39e90264f33305004495a9","hash":"6e5fd349a5ff7ff652848198b99af538a06c1539"}
,"D:\\Work\\UNI\\SLIIT\\Year 03\\Sem 1\\SE3070 - CSSE\\Phase 2\\Project\\V2\\ProcurePro\\backend\\models\\driverModel.js": {"path":"D:\\Work\\UNI\\SLIIT\\Year 03\\Sem 1\\SE3070 - CSSE\\Phase 2\\Project\\V2\\ProcurePro\\backend\\models\\driverModel.js","statementMap":{"0":{"start":{"line":1,"column":17},"end":{"line":1,"column":36}},"1":{"start":{"line":3,"column":21},"end":{"line":24,"column":2}},"2":{"start":{"line":26,"column":0},"end":{"line":26,"column":56}}},"fnMap":{},"branchMap":{},"s":{"0":1,"1":1,"2":1},"f":{},"b":{},"_coverageSchema":"1a1c01bbd47fc00a2c39e90264f33305004495a9","hash":"c3e65815d734683419cebdc7dd063ebbd5213203"}
,"D:\\Work\\UNI\\SLIIT\\Year 03\\Sem 1\\SE3070 - CSSE\\Phase 2\\Project\\V2\\ProcurePro\\backend\\models\\orderModel.js": {"path":"D:\\Work\\UNI\\SLIIT\\Year 03\\Sem 1\\SE3070 - CSSE\\Phase 2\\Project\\V2\\ProcurePro\\backend\\models\\orderModel.js","statementMap":{"0":{"start":{"line":1,"column":17},"end":{"line":1,"column":36}},"1":{"start":{"line":3,"column":20},"end":{"line":26,"column":2}},"2":{"start":{"line":10,"column":3},"end":{"line":10,"column":52}},"3":{"start":{"line":28,"column":14},"end":{"line":28,"column":50}},"4":{"start":{"line":30,"column":0},"end":{"line":30,"column":23}}},"fnMap":{"0":{"name":"(anonymous_0)","decl":{"start":{"line":8,"column":11},"end":{"line":8,"column":12}},"loc":{"start":{"line":8,"column":23},"end":{"line":11,"column":3}},"line":8}},"branchMap":{},"s":{"0":1,"1":1,"2":2,"3":1,"4":1},"f":{"0":2},"b":{},"_coverageSchema":"1a1c01bbd47fc00a2c39e90264f33305004495a9","hash":"1bd25695d35b53efed9b7b65f8c82b3ff7d1d2fb"}
}
