{"D:\\SLIIT Y3 S1\\CSSE\\CSSE project\\ProcurePro\\backend\\controllers\\createInvoice.js": {"path":"D:\\SLIIT Y3 S1\\CSSE\\CSSE project\\ProcurePro\\backend\\controllers\\createInvoice.js","statementMap":{"0":{"start":{"line":1,"column":21},"end":{"line":1,"column":49}},"1":{"start":{"line":3,"column":0},"end":{"line":21,"column":1}},"2":{"start":{"line":5,"column":21},"end":{"line":5,"column":60}},"3":{"start":{"line":6,"column":4},"end":{"line":8,"column":5}},"4":{"start":{"line":7,"column":8},"end":{"line":7,"column":85}},"5":{"start":{"line":10,"column":20},"end":{"line":16,"column":6}},"6":{"start":{"line":17,"column":4},"end":{"line":17,"column":25}},"7":{"start":{"line":18,"column":4},"end":{"line":20,"column":5}}},"fnMap":{"0":{"name":"invoice_controller","decl":{"start":{"line":3,"column":32},"end":{"line":3,"column":50}},"loc":{"start":{"line":3,"column":96},"end":{"line":21,"column":1}},"line":3}},"branchMap":{"0":{"loc":{"start":{"line":6,"column":4},"end":{"line":8,"column":5}},"type":"if","locations":[{"start":{"line":6,"column":4},"end":{"line":8,"column":5}},{"start":{},"end":{}}],"line":6}},"s":{"0":1,"1":1,"2":2,"3":2,"4":1,"5":1,"6":1,"7":1},"f":{"0":2},"b":{"0":[1,1]},"_coverageSchema":"1a1c01bbd47fc00a2c39e90264f33305004495a9","hash":"3e48868c6e503eefe28da5abd3d93b22460da06e"}
,"D:\\SLIIT Y3 S1\\CSSE\\CSSE project\\ProcurePro\\backend\\models\\invoice.js": {"path":"D:\\SLIIT Y3 S1\\CSSE\\CSSE project\\ProcurePro\\backend\\models\\invoice.js","statementMap":{"0":{"start":{"line":1,"column":17},"end":{"line":1,"column":36}},"1":{"start":{"line":3,"column":26},"end":{"line":15,"column":2}},"2":{"start":{"line":17,"column":16},"end":{"line":17,"column":60}},"3":{"start":{"line":19,"column":0},"end":{"line":19,"column":25}}},"fnMap":{},"branchMap":{},"s":{"0":1,"1":1,"2":1,"3":1},"f":{},"b":{},"_coverageSchema":"1a1c01bbd47fc00a2c39e90264f33305004495a9","hash":"125e567f8da76424065af9158e6903ec131b6035"}
}
