TN:
SF:controllers\invoice_controller.js
FN:5,(anonymous_0)
FNF:1
FNH:1
FNDA:2,(anonymous_0)
DA:1,1
DA:2,1
DA:5,1
DA:7,2
DA:14,2
DA:24,2
DA:25,1
DA:31,1
DA:34,1
LF:9
LH:9
BRDA:24,0,0,1
BRDA:24,0,1,1
BRF:2
BRH:2
end_of_record
TN:
SF:controllers\order_controller.js
FN:32,(anonymous_0)
FN:47,(anonymous_1)
FNF:2
FNH:2
FNDA:2,(anonymous_0)
FNDA:3,(anonymous_1)
DA:1,1
DA:2,1
DA:32,1
DA:33,2
DA:34,2
DA:35,2
DA:36,2
DA:37,1
DA:40,1
DA:47,1
DA:48,3
DA:51,3
DA:53,3
DA:54,2
DA:55,2
DA:56,2
DA:57,1
DA:60,1
DA:64,1
DA:69,1
LF:20
LH:20
BRDA:36,0,0,1
BRDA:36,0,1,1
BRDA:53,1,0,2
BRDA:53,1,1,1
BRDA:56,2,0,1
BRDA:56,2,1,1
BRF:6
BRH:6
end_of_record
TN:
SF:models\invoice.js
FNF:0
FNH:0
DA:1,1
DA:3,1
DA:25,1
DA:27,1
LF:4
LH:4
BRF:0
BRH:0
end_of_record
TN:
SF:models\order.js
FNF:0
FNH:0
DA:1,1
DA:3,1
DA:27,1
DA:29,1
LF:4
LH:4
BRF:0
BRH:0
end_of_record
